<?xml version="1.0" encoding="UTF-8"?>
<!-- Generated by org.testng.reporters.JUnitReportReporter -->
<testsuite skipped="0" hostname="Sarath-MBP.local" name="internaladmin.InventoryPageTest" tests="1" failures="0" timestamp="05 Mar 2022 04:53:51 GMT" time="3.514" errors="0">
  <testcase name="InventoryPage" time="3.514" classname="internaladmin.InventoryPageTest"/>
</testsuite> <!-- internaladmin.InventoryPageTest -->
