<?xml version="1.0" encoding="UTF-8"?>
<!-- Generated by org.testng.reporters.JUnitReportReporter -->
<testsuite skipped="0" hostname="Sarath-MBP.local" name="SapphirosProject.Login" tests="1" failures="0" timestamp="23 Feb 2022 17:45:34 GMT" time="23.990" errors="0">
  <testcase name="basePageNavigation" time="23.990" classname="SapphirosProject.Login"/>
</testsuite> <!-- SapphirosProject.Login -->
