<?xml version="1.0" encoding="UTF-8"?>
<!-- Generated by org.testng.reporters.JUnitReportReporter -->
<testsuite hostname="Sarath-MBP.local" failures="0" tests="1" name="internaladmin.Logintest" time="51.621" errors="0" timestamp="2022-08-17T09:12:57 IST" skipped="0">
  <testcase classname="internaladmin.Logintest" name="basePageNavigation" time="51.621"/>
  <system-out/>
</testsuite> <!-- internaladmin.Logintest -->
