<?xml version="1.0" encoding="UTF-8"?>
<!-- Generated by org.testng.reporters.JUnitReportReporter -->
<testsuite skipped="0" hostname="Sarath-MBP.local" name="testcases.Login" tests="1" failures="0" timestamp="23 Feb 2022 18:37:44 GMT" time="40.616" errors="0">
  <testcase name="basePageNavigation" time="40.616" classname="testcases.Login"/>
</testsuite> <!-- testcases.Login -->
