<?xml version="1.0" encoding="UTF-8"?>
<!-- Generated by org.testng.reporters.JUnitReportReporter -->
<testsuite skipped="0" hostname="Sarath-MBP.local" name="com.qa.testcases.PGVPageTest" tests="1" failures="0" timestamp="23 Sep 2019 10:15:27 GMT" time="24.605" errors="0">
  <testcase name="createGene" time="24.605" classname="com.qa.testcases.PGVPageTest"/>
</testsuite> <!-- com.qa.testcases.PGVPageTest -->
