<?xml version="1.0" encoding="UTF-8"?>
<!-- Generated by org.testng.reporters.JUnitReportReporter -->
<testsuite skipped="0" hostname="Jithins-MacBook-Pro.local" name="com.qa.testcases.LoginPageTest" tests="1" failures="0" timestamp="07 Mar 2019 08:45:30 GMT" time="0.422" errors="0">
  <testcase name="searchTest" time="0.422" classname="com.qa.testcases.LoginPageTest"/>
</testsuite> <!-- com.qa.testcases.LoginPageTest -->
