<?xml version="1.0" encoding="UTF-8"?>
<!-- Generated by org.testng.reporters.JUnitReportReporter -->
<testsuite hostname="Sarath-MBP.local" failures="0" tests="1" name="internaladmin.Logintest" time="49.544" errors="0" timestamp="2022-06-21T11:56:31 IST" skipped="0">
  <testcase classname="internaladmin.Logintest" name="basePageNavigation" time="49.544"/>
  <system-out/>
</testsuite> <!-- internaladmin.Logintest -->
