<?xml version="1.0" encoding="UTF-8"?>
<!-- Generated by org.testng.reporters.JUnitReportReporter -->
<testsuite hostname="Sarath-MBP.local" failures="0" tests="1" name="internaladmin.CreateGeneTest" time="43.148" errors="0" timestamp="2022-06-21T11:56:31 IST" skipped="0">
  <testcase classname="internaladmin.CreateGeneTest" name="CreateGene" time="43.148"/>
  <system-out/>
</testsuite> <!-- internaladmin.CreateGeneTest -->
