<?xml version="1.0" encoding="UTF-8"?>
<!-- Generated by org.testng.reporters.JUnitReportReporter -->
<testsuite skipped="0" hostname="Sarath-MBP.local" name="internaladmin.ReceiveSwabTest" tests="1" failures="0" timestamp="05 Mar 2022 04:53:51 GMT" time="17.657" errors="0">
  <testcase name="Receiveswab" time="17.657" classname="internaladmin.ReceiveSwabTest"/>
</testsuite> <!-- internaladmin.ReceiveSwabTest -->
