<?xml version="1.0" encoding="UTF-8"?>
<!-- Generated by org.testng.reporters.JUnitReportReporter -->
<testsuite skipped="0" hostname="Sarath-MBP.local" name="internaladmin.CreateInternalUserTest" tests="1" failures="0" timestamp="04 Mar 2022 04:36:20 GMT" time="2.467" errors="0">
  <testcase name="CreateCategory" time="2.467" classname="internaladmin.CreateInternalUserTest"/>
</testsuite> <!-- internaladmin.CreateInternalUserTest -->
