<?xml version="1.0" encoding="UTF-8"?>
<!-- Generated by org.testng.reporters.JUnitReportReporter -->
<testsuite skipped="0" hostname="Sarath-MBP.local" name="internaladmin.Logintest" tests="1" failures="0" timestamp="05 Mar 2022 04:53:51 GMT" time="48.136" errors="0">
  <testcase name="basePageNavigation" time="48.136" classname="internaladmin.Logintest"/>
</testsuite> <!-- internaladmin.Logintest -->
