<?xml version="1.0" encoding="UTF-8"?>
<!-- Generated by org.testng.reporters.JUnitReportReporter -->
<testsuite skipped="0" hostname="Sarath-MBP.local" name="internaladmin.CreateProductTest" tests="1" failures="0" timestamp="04 Mar 2022 04:36:20 GMT" time="3.409" errors="0">
  <testcase name="CreateProduct" time="3.409" classname="internaladmin.CreateProductTest"/>
</testsuite> <!-- internaladmin.CreateProductTest -->
